<?xml version="1.0" encoding="UTF-8"?>
<!-- Generated by org.testng.reporters.JUnitReportReporter -->
<testsuite hostname="LAPTOP-410RS6MU" failures="0" tests="1" name="Framework.test.cart_product_and_delete_test" time="24.580" errors="0" timestamp="2024-08-26T07:31:11 IST" skipped="0">
  <testcase classname="Framework.test.cart_product_and_delete_test" name="navigation_product" time="24.580"/>
</testsuite> <!-- Framework.test.cart_product_and_delete_test -->
