<?xml version="1.0" encoding="UTF-8"?>
<!-- Generated by org.testng.reporters.JUnitReportReporter -->
<testsuite hostname="LAPTOP-410RS6MU" failures="0" tests="2" name="Framework.test.write_review_on_cartprod_test" time="27.186" errors="0" timestamp="2024-08-26T07:36:43 IST" skipped="0">
  <testcase classname="Framework.test.write_review_on_cartprod_test" name="cart_product_first_review" time="22.020"/>
  <testcase classname="Framework.test.write_review_on_cartprod_test" name="cart_product_second_review" time="5.166"/>
</testsuite> <!-- Framework.test.write_review_on_cartprod_test -->
