<?xml version="1.0" encoding="UTF-8"?>
<!-- Generated by org.testng.reporters.JUnitReportReporter -->
<testsuite hostname="LAPTOP-410RS6MU" failures="0" tests="1" name="Framework.test.login_test" time="23.246" errors="0" timestamp="2024-08-11T10:11:03 IST" skipped="0">
  <testcase classname="Framework.test.login_test" name="navigation_login_test" time="23.246"/>
</testsuite> <!-- Framework.test.login_test -->
